<?xml version='1.0' encoding='UTF-8' ?>
<testsuite name="com.example.cardiacrecorder.ExampleInstrumentedTest" tests="1" failures="0" errors="0" skipped="0" time="0.119" timestamp="2022-07-27T11:28:11" hostname="localhost">
  <properties>
    <property name="device" value="SM-M105F - 10" />
    <property name="flavor" value="" />
    <property name="project" value="app" />
  </properties>
  <testcase name="useAppContext" classname="com.example.cardiacrecorder.ExampleInstrumentedTest" time="0.012" />
</testsuite>